
ROM used: 1204 (15%)
          1204 (15%) including unused fragments

          2 Average locations per line
          7 Average locations per statement

RAM used: 19 (5%) at main() level
          31 (8%) worst case

Stack used: 4 worst case (out of 8 total available)

Lines Stmts  %   Files
----- ----- ---  -----
  171   118  65  THC 4.c
  312     0   0  ..\..\..\..\Program Files\PICC\devices\16f877a.h
  180    63  35  ..\..\..\..\Program Files\PICC\drivers\lcd.c
----- -----
  663   181 Total

Page ROM  %  RAM   Vol Diff  Functions:
---- --- --- ---   --- ----  ----------
0     13   1   1             @delay_ms1
0      8   1   0             @const64
 Inline        3   463  4.3  lcd_read_byte
0     11   1   1   134  2.2  lcd_send_nibble
0     57   5   3   317  4.3  lcd_send_byte
0     44   4   2   422  4.7  lcd_init
 Inline        4   186  5.5  lcd_gotoxy
0     55   5   1   272  4.1  lcd_putc
0    678  56   2  4857  9.9  MAIN
0     11   1   0   407  3.8  @const102
0     18   1   0             @const103
0     22   2   0             @const104
0     17   1   0             @const105
0     21   2   3             @DIV88
0     53   4   2             @PRINTF_U_84
0     22   2   0             @const112
0     14   1   0             @const113
0     20   2   0             @const114
0     11   1   0             @const116
0     11   1   0             @const117
0     39   3   2             @MUL88
0     22   2   0             @const121
0     18   1   0             @const122
0     35   3   0             @const123

Program metrics:
    Functions               8
    Statements              181
    Comments                127
    Volume (V)              9250
    Difficilty (D)          37.9
    Effort to implement (E) 350881
    Time to implement (T)   5 hours, 25 minutes
    Est Delivered Bugs (B)  2
    Cyclomatic Complexity   29
    Maintainability (MI)    77

 Segment     Used  Free
-----------  ----  ----
00000-00003     4  0  
00004-007FF  1200  844  
00800-00FFF     0  2048  
01000-017FF     0  2048  
01800-01FFF     0  2048  



