
ROM used: 868 (11%)
          868 (11%) including unused fragments

          2 Average locations per line
          8 Average locations per statement

RAM used: 14 (4%) at main() level
          26 (7%) worst case

Stack used: 4 worst case (out of 8 total available)

Lines Stmts  %   Files
----- ----- ---  -----
   80    48  43  THC 1.c
  312     0   0  ..\..\..\..\Program Files\PICC\devices\16f877a.h
  180    63  57  ..\..\..\..\Program Files\PICC\drivers\lcd.c
----- -----
  572   111 Total

Page ROM  %  RAM   Vol Diff  Functions:
---- --- --- ---   --- ----  ----------
0     13   1   1             @delay_ms1
0      8   1   0             @const64
 Inline        3   463  4.3  lcd_read_byte
0     11   1   1   134  2.2  lcd_send_nibble
0     57   7   3   317  4.3  lcd_send_byte
0     44   5   2   422  4.7  lcd_init
 Inline        4   186  5.5  lcd_gotoxy
0     53   6   1   272  4.1  lcd_putc
0    332  38   2  1645  8.2  MAIN
0     14   2   0             @const98
0     31   4   2             @ITOF
0    119  14  13             @MULFF
0     33   4   4             @SFTOI
0     22   3   0             @const106
0     17   2   0             @const107
0     21   2   3             @DIV88
0     53   6   2             @PRINTF_U_84
0     36   4   0             @const114

Program metrics:
    Functions               7
    Statements              111
    Comments                127
    Volume (V)              4892
    Difficilty (D)          32.0
    Effort to implement (E) 156697
    Time to implement (T)   2 hours, 25 minutes
    Est Delivered Bugs (B)  1
    Cyclomatic Complexity   12
    Maintainability (MI)    107

 Segment     Used  Free
-----------  ----  ----
00000-00003     4  0  
00004-007FF   864  1180  
00800-00FFF     0  2048  
01000-017FF     0  2048  
01800-01FFF     0  2048  



