
ROM used: 998 (12%)
          998 (12%) including unused fragments

          2 Average locations per line
          6 Average locations per statement

RAM used: 15 (4%) at main() level
          27 (7%) worst case

Stack used: 4 worst case (out of 8 total available)

Lines Stmts  %   Files
----- ----- ---  -----
  140    93  60  THC 3.c
  312     0   0  ..\..\..\..\Program Files\PICC\devices\16f877a.h
  180    63  40  ..\..\..\..\Program Files\PICC\drivers\lcd.c
----- -----
  632   156 Total

Page ROM  %  RAM   Vol Diff  Functions:
---- --- --- ---   --- ----  ----------
0     13   1   1             @delay_ms1
0      8   1   0             @const64
 Inline        3   463  4.3  lcd_read_byte
0     11   1   1   134  2.2  lcd_send_nibble
0     57   6   3   317  4.3  lcd_send_byte
0     44   4   2   422  4.7  lcd_init
 Inline        4   186  5.5  lcd_gotoxy
0     55   6   1   272  4.1  lcd_putc
0    551  55   2  3682 10.3  MAIN
0     11   1   0             @const99
0     18   2   0             @const100
0     22   2   0             @const101
0     17   2   0             @const102
0     21   2   3             @DIV88
0     53   5   2             @PRINTF_U_84
0     22   2   0             @const109
0     14   1   0             @const110
0     20   2   0             @const111
0     11   1   0             @const113
0     11   1   0             @const114
0     35   4   0             @const115

Program metrics:
    Functions               7
    Statements              156
    Comments                127
    Volume (V)              7181
    Difficilty (D)          34.5
    Effort to implement (E) 247618
    Time to implement (T)   3 hours, 49 minutes
    Est Delivered Bugs (B)  1
    Cyclomatic Complexity   22
    Maintainability (MI)    99

 Segment     Used  Free
-----------  ----  ----
00000-00003     4  0  
00004-007FF   994  1050  
00800-00FFF     0  2048  
01000-017FF     0  2048  
01800-01FFF     0  2048  



