
ROM used: 864 (11%)
          864 (11%) including unused fragments

          2 Average locations per line
          9 Average locations per statement

RAM used: 14 (4%) at main() level
          33 (9%) worst case

Stack used: 4 worst case (out of 8 total available)

Lines Stmts  %   Files
----- ----- ---  -----
   66    38  38  THC.c
  312     0   0  ..\..\..\..\Program Files\PICC\devices\16f877a.h
  180    63  62  ..\..\..\..\Program Files\PICC\drivers\lcd.c
----- -----
  558   101 Total

Page ROM  %  RAM   Vol Diff  Functions:
---- --- --- ---   --- ----  ----------
0     13   2   1             @delay_ms1
0      8   1   0             @const64
 Inline        3   463  4.3  lcd_read_byte
0     11   1   1   134  2.2  lcd_send_nibble
0     57   7   3   317  4.3  lcd_send_byte
0     44   5   2   422  4.7  lcd_init
 Inline        4   186  5.5  lcd_gotoxy
0     53   6   1   272  4.1  lcd_putc
0    307  36   2  1300  7.6  MAIN
0     14   2   0             @const96
0     31   4   2             @ITOF
0    119  14  13             @MULFF
0     33   4   4             @SFTOI
0     22   3   0             @const104
0     19   2   0             @const105
0     99  11   9             @PRINTF_LU_84
0     30   3   0             @const108

Program metrics:
    Functions               7
    Statements              101
    Comments                126
    Volume (V)              4483
    Difficilty (D)          31.5
    Effort to implement (E) 141188
    Time to implement (T)   2 hours, 11 minutes
    Est Delivered Bugs (B)  1
    Cyclomatic Complexity   11
    Maintainability (MI)    108

 Segment     Used  Free
-----------  ----  ----
00000-00003     4  0  
00004-007FF   860  1184  
00800-00FFF     0  2048  
01000-017FF     0  2048  
01800-01FFF     0  2048  



